Case #1: 33.333336 66.66667
Case #2: 0.0 100.0
Case #3: 25.0 25.0 25.0 25.0
Case #4: 34.666664 26.666664 38.666664
Case #5: 12.719959 12.719959 12.493714 13.398692 -0.40221214 12.041225 12.719959 12.26747 12.041225
Case #6: 18.798449 20.542633 20.833332 12.112402 13.856588 13.856588
Case #7: 22.222221 22.222221 22.222221 -77.77778 22.222221 22.222221 22.222221 22.222221 22.222221
Case #8: 10.068762 18.713163 20.481337 10.658154 15.766209 9.086444 8.497053 6.72888
Case #9: 25.0 25.0 25.0 -75.0 25.0 25.0 25.0 25.0
Case #10: 50.0 50.0
Case #11: 21.900679 -2.536621 22.222221 -2.8581638 22.222221 -2.8581638 22.222221 -2.536621 22.222221
Case #12: 40.0 -9.253731 39.25373 -10.0 40.0
Case #13: 22.222221 -2.6875267 -2.6875267 21.86121 22.222221 -2.3265152 22.222221 -2.6875267 21.86121
Case #14: 66.66667 33.333336
Case #15: 10.0 10.0 10.0 10.0 10.0 10.0 10.0 10.0 10.0 10.0
Case #16: 47.435898 52.564102
Case #17: 18.260872 81.73913
Case #18: 100.0 0.0
Case #19: 85.98131 14.018692
Case #20: 10.0 10.0 10.0 10.0 10.0 10.0 10.0 10.0 10.0 10.0