Case #1: 33.333336 66.66667
Case #2: 0.0 100.0
Case #3: 25.0 25.0 25.0 25.0
Case #4: 34.666664 26.666664 38.666664
Case #5: 100.0 0.0
Case #6: 10.0 10.0 10.0 10.0 10.0 10.0 10.0 10.0 10.0 10.0
Case #7: 10.073529 9.338235 7.745098 9.338235 12.524509 9.338235 10.686275 8.480392 9.583333 12.892157
Case #8: 48.0 52.0
Case #9: 66.66667 33.333336
Case #10: 20.0 20.0 20.0 0.0 20.0 20.0
Case #11: 28.571428 28.571428 -4.2788143 28.088337 28.088337 -4.761904 -4.2788143
Case #12: 50.0 50.0
Case #13: 33.68421 66.31579
Case #14: 25.0 0.0 25.0 25.0 25.0
Case #15: 16.666666 0.0 16.666666 16.666666 16.666666 16.666666 16.666666
Case #16: 10.0 10.0 10.0 10.0 10.0 10.0 10.0 10.0 10.0 10.0
Case #17: 1.3698654 98.630135
Case #18: 14.795918 -0.5102043 15.561225 15.306123 15.561225 12.244898 12.244898 14.795918
Case #19: 13.566176 4.1911764 10.625 13.198529 5.661765 8.419118 15.7720585 4.9264708 15.7720585 7.867647
Case #20: 0.0 25.0 25.0 25.0 25.0