Case #1: [E,A]
Case #2: [R,I,R]
Case #3: [F,D,T]
Case #4: [Z,E,R,A]
Case #5: []
Case #6: [Z,Z,Z,Z,Z]
Case #7: [E,A]
Case #8: [A,W,A,W,R,X,S,A,A]
Case #9: [E,S,F,F]
Case #10: [D,E,A,F,D,E,A,R,S]
Case #11: [Z]
Case #12: [Q]
Case #13: [S,W,Q,F,D,E,B,Q,D]
Case #14: [N,F,E,A,W,Q,Q,E,Q]
Case #15: [F,E]
Case #16: [Q,E,V,W,F,F,D,W,W]
Case #17: [O,S,S,F,W,Q,E,E,R]
Case #18: [W,Q,R,W,Q,R,O,F,D]
Case #19: [S,B,S,W,W,R,F]
Case #20: []
Case #21: [R,E,F,U,S,D]
Case #22: [S,F,R,W,W,R,R,B,Q]
Case #23: [W,F,F,S,F,Q,I,F,S]
Case #24: [E,F,Q]
Case #25: [D,A,W,E,D,A]
Case #26: [N,D,A,N,N,S,Q]
Case #27: [S,F,F,S,J,A,S,S,A]
Case #28: [A,A,Q,R,F,D,D]
Case #29: [Q,S,S,C,S,A,A,S,Q]
Case #30: [W,R,U,Q]
Case #31: [E,E,N,S,R,A,S,D,S]
Case #32: [D,R,P,P,S]
Case #33: [F,T,S,Q,W,S,A,S,F]
Case #34: [D,L,R,Q,E,L,W,D]
Case #35: [F,F,Q,T]
Case #36: [F,E,D,F,D,W,F,P,F]
Case #37: []
Case #38: [Y,S,A,W,F,A,Q]
Case #39: [A]
Case #40: [E,F,S,E,D,K,F,F,F]
Case #41: [F]
Case #42: [W,E,T,S,R,W,R,S,E]
Case #43: [R,F,F,Q,B,B,D,D]
Case #44: [E,A,R,W,R,F,D,S,V]
Case #45: [W,S,F,S,C,F,D,D,Q]
Case #46: [S,A,A,R,D,F,D,I,S]
Case #47: [H,R,W,R,S,E,Q,D,Q]
Case #48: []
Case #49: [A,F,D,F,Q,N,S,S,S]
Case #50: [W,E,W,R,P,P,F,F]
Case #51: [F]
Case #52: []
Case #53: [A,D,R,F,R]
Case #54: [Q,D,B,D,Q,F,D,A,A]
Case #55: [W,Q,F,G]
Case #56: [F,G,W,E,D,R,D,W,D]
Case #57: [E]
Case #58: [D,E,W,R,F,Q,Q,B,A]
Case #59: [F,E,E,S,C,Q,E,D,A]
Case #60: [W,S,E,E,Q,Q,F,U,D]
Case #61: [F,U,E,D]
Case #62: [R,W,Q,E,W,R,S,N,D]
Case #63: [Q,Q,D]
Case #64: [F]
Case #65: [R,E,P,E,E,E,E,W,R]
Case #66: [N,F,F,D,S,R,N,S]
Case #67: [N,W,A,S,A,N,A,W]
Case #68: [E,D]
Case #69: [R,Q]
Case #70: [A,A,R,K,R,A,R,W,S]
Case #71: [D,D,F,A,F,K,E,K]
Case #72: [E,D,D]
Case #73: [W]
Case #74: [D,Q,F,W,Q]
Case #75: [D,D,W,J,D,A,E,F,Q]
Case #76: [A,W,A,R,E,N,E,S,S]
Case #77: []
Case #78: []
Case #79: [Q,Q,R,S,I,S,W,D,Q]
Case #80: [S,D]
Case #81: [W,A,A,D,Q,S,M,D,Q]
Case #82: [D,D,W,N,S,W,D,N]
Case #83: [D,D,O]
Case #84: [W,F,D,D,D,W,Y,E,S]
Case #85: [M,D,E,R,S,D,E,M]
Case #86: [R,R,E,R]
Case #87: [S,Q,C,E,A,R,S,R,Q]
Case #88: [H,A]
Case #89: [R,W,S,E,E,S,E,O,A]
Case #90: [S,R,D,F,Q,W,W,G,R]
Case #91: [A,I,A,E,S,D,D,Q,W]
Case #92: [D,K,S,A,F,W,F,R,S]
Case #93: []
Case #94: [D,E,E,A,E,N,D,E,W]
Case #95: [Q,F,D,A,E,B]
Case #96: [A,A,A,A,A,A,A,A,A,A]
Case #97: [S,E,Q,R,A,F,E,N,F]
Case #98: [Q,S,Z,D,R,S,E,W,E]
Case #99: [Q,Q,W,E,R,G,D,F,S]
Case #100: [R,F,A,T,D,E,W,R,W]
