Case #1: [E, A]
Case #2: [R, I, R]
Case #3: [F, D, T]
Case #4: [Z, E, R, A]
Case #5: []
Case #6: [R, F, V, F, S, E]
Case #7: [D, Q, Q, U, F, Q, F, U]
Case #8: []
Case #9: [R, S, E, D, L, Q]
Case #10: [F]
Case #11: [D, W, Q, N, N, A, N]
Case #12: [W, S, E, T]
Case #13: [C, A, W, A, S, S, A, S, Q]
Case #14: [A, W, A, R, E, N, E, S, S]
Case #15: [D, A, D, A, O, E, F, F, A]
Case #16: [Q, A, E, D]
Case #17: [R, D, R, D, D, A, V, R, W]
Case #18: [T, W, S, F, E, S, E, F, A]
Case #19: [U, Q, R, R, F, F, F, F, W]
Case #20: [Q]
Case #21: [F, F, I, E, S, R, A, E, S]
Case #22: [F, N, Q, D, S, R, Q, R, W]
Case #23: [F]
Case #24: [G, G, F, E, R, F, D, F]
Case #25: [F, R, E, O, F, S, S, W, S]
Case #26: []
Case #27: [D, S, Q, N, S, N, S, A]
Case #28: [Y, W, R, A, F, E, W, A, W]
Case #29: []
Case #30: [D, A, R]
Case #31: [D, Q, W, W, F, S, W, Q, X]
Case #32: [I, A, R, E, F, W, F, A, S]
Case #33: []
Case #34: []
Case #35: [E, R, E, Y, Y, R, A, E]
Case #36: [S]
Case #37: [F, F]
Case #38: [S]
Case #39: [D, F, Y]
Case #40: [I]
Case #41: [D]
Case #42: [R, F, S, Q, D, B, A, D, R]
Case #43: [Z, Z, Z, Z, Z]
Case #44: [E]
Case #45: [F, F, Q, I, E]
Case #46: [W, U, A, E, U]
Case #47: [A, Y, Q, E]
Case #48: [B, S, E, A, S, Q, S, S, F]
Case #49: [D, F, A]
Case #50: [D, R, E, I, A, S, S, F, S]
Case #51: []
Case #52: [S, A]
Case #53: [V, Q, Q, D, Q, E, D, A, W]
Case #54: []
Case #55: [S, F, D, Q, E, R, Q, B, F]
Case #56: [S, E, V, R, F, E, S, F, F]
Case #57: [R, S, F, S, J, D, J, Q]
Case #58: [E]
Case #59: [R, S, O, E, A, S, W, D, Q]
Case #60: [E, W, E, D, W, J, F]
Case #61: [J, A, Q, E, Q, A, E, A, E]
Case #62: []
Case #63: [D, E, A, F, D, E, A, R, S]
Case #64: [F, E, R]
Case #65: [R, F, A, S, F, S, F, K, S]
Case #66: []
Case #67: [F, Q]
Case #68: []
Case #69: [D, R, F, Q, W, W, B, A, W]
Case #70: [D, R, P, P, S]
Case #71: [R, W]
Case #72: [X, X, A, A, R, W, X]
Case #73: [U, A, Q]
Case #74: [I, D, R, F, W, S, D, F, R]
Case #75: [A, R, R, P, F, A, P, E]
Case #76: [D, D, S, Y, F, F, A, W, A]
Case #77: [E, D]
Case #78: [F, R, W, J, Q, Q, R, R, Q]
Case #79: []
Case #80: [D, F, S, G, R, F, A, W, S]
Case #81: [F, A, Y, A, A, F, Q, S, A]
Case #82: []
Case #83: [Q, Q, W, E, R, G, D, F, S]
Case #84: [A, A, A, A, A, A, A, A, A, A]
Case #85: [S, U, R, Q]
Case #86: [S, R, Q, C, W, A, W, Q, E]
Case #87: [E]
Case #88: [F, A, F, Y, F, E, Q, A, A]
Case #89: []
Case #90: [Q, R, A, A, W, S, S, P, A]
Case #91: [D, A, Q, S, Q, R, D, S, U]
Case #92: [R, A, D, R, A, D, W, Y, E]
Case #93: [S, A, H, D, F, E, W, E, Q]
Case #94: [A, A, I, F, S, A]
Case #95: [E]
Case #96: [U, S, Q, A, A, A, Q, S, Q]
Case #97: []
Case #98: [R, A]
Case #99: []
Case #100: [F, Z, Z]
