Case #1: [A,D]
Case #2: [R,I,R]
Case #3: [F,D,T]
Case #4: [Z,E,R,A]
Case #5: []
Case #6: [D,W,E,Y,F,F,E,S,E]
Case #7: [Y,E,S,E,D,D,E,D,E]
Case #8: [L,A,L,S,D,D,S,A]
Case #9: []
Case #10: [A,W,S,R,A,R,W,Q,L]
Case #11: [D,W,E,W,E,D,G,A,D]
Case #12: [D,W]
Case #13: [E,D,P,F,R,Q,P,D]
Case #14: [Q,D]
Case #15: [E,S,S,D,S,D,E,I,A]
Case #16: []
Case #17: [Q,A,N,Q,D,S,E,W,D]
Case #18: [W,Z,F,S,Q,S,A,Z]
Case #19: [W,A,F,F,Y]
Case #20: [D,W,D,R,R,W]
Case #21: [W,Q,R,A,F,S,E,O,F]
Case #22: [D,Y,F,D,E,R,W,R,D]
Case #23: [P,D,D,D,W,D,P,W]
Case #24: [W]
Case #25: [L,S,A,E,Q,S,W,E,D]
Case #26: [E,F,G,W,A,Q,G,R]
Case #27: [M,S,R,F]
Case #28: [A,E,J]
Case #29: [D,W,L,Q,A,D,A,Q,F]
Case #30: [W,J,A,E,E,Q,S,W,S]
Case #31: [L,E,W,F,A,W,A,F,E]
Case #32: [E,F,A,A,F,W,A,Y,R]
Case #33: [W,W,V,S]
Case #34: [F,R,R,E,F,C,R,S,Q]
Case #35: [O,Q,W,R,F,O,W,S]
Case #36: [E,S,D,Q,S,A,D,D,P]
Case #37: [D,A,E,E,F,E,D,C,A]
Case #38: [D,R,S,R,P,R,Q,Q,E]
Case #39: [Z,Z,Z,Z,Z]
Case #40: [D,W,F,Q,A,X,F,X]
Case #41: [D,E,A,F,D,E,A,R,S]
Case #42: []
Case #43: [D,F,F,D,D,Q,E,O,D]
Case #44: [Z,D,S,Q,S,R,R,S,A]
Case #45: [Q]
Case #46: [S,R,A]
Case #47: [F,E,Q]
Case #48: [A,A,A,A,A,A,A,A,A,A]
Case #49: [E,U,W,Q,A,Q,E,D,S]
Case #50: [R,R,A]
Case #51: [D,R,P,P,S]
Case #52: [W,A]
Case #53: [A,W,A,R,E,N,E,S,S]
Case #54: [F]
Case #55: [W,R,W,F,E,Y,E,S,E]
Case #56: [P,A,W,Q,F,D,D,A,R]
Case #57: [D,R,D,P,A,R,R,E,E]
Case #58: [R,A,D]
Case #59: [F]
Case #60: [Q,S,F,E,R,S,Q,V,F]
Case #61: [Z,A,E,F,W,R,W,E,D]
Case #62: [W,K,A,F,K]
Case #63: [J]
Case #64: [N,A,F,F]
Case #65: [A,F,A,W,W,E,S,I,E]
Case #66: []
Case #67: []
Case #68: [W,W,R,Q,Q,W,W,R,V]
Case #69: [A,D,S,Q,W,D,E,Q,L]
Case #70: [A,D,S,D,S,O,A,R,Q]
Case #71: [W]
Case #72: [R,E,S,S]
Case #73: [E,D,A,A,E,R,Q,W,G]
Case #74: [R,Q,S,Y,R,D,F,F,Q]
Case #75: [W,L,E,F,Q,A,F,A,F]
Case #76: [D,R,Q,E,Q,W,D,C,R]
Case #77: [F,E,Q,F]
Case #78: [E,D]
Case #79: [W,E,S,A,J,E,F,D,Q]
Case #80: [W,O,O,S]
Case #81: [A,S,R,S,R,D,D,D]
Case #82: [K,K,D,A,D,S,E,D]
Case #83: [E,W,E,Q,Q,S,E,A,Y]
Case #84: []
Case #85: [E,F,S,E,W,Z,F,S,W]
Case #86: [G,A,Q,Q,F,W,Q,D,F]
Case #87: [P,F,Q,D,S,F,S,E,F]
Case #88: [W,E,A,A,F,S,S,J,R]
Case #89: [A,S,F,S,U,Q,A,S,W]
Case #90: [E,R,E,S,D,U,A,R,W]
Case #91: [D,E,R,S,D,E]
Case #92: [D,W,X,D,R,Q]
Case #93: [V,D,S,R,F,V,S,D]
Case #94: [Q,F,R]
Case #95: [Q,N,W,R,A,F,R,A,A]
Case #96: [S,A,S,K,F,R]
Case #97: [Q,A,A,E,S,A,O,A,A]
Case #98: [S]
Case #99: [Q,Q,W,E,R,G,D,F,S]
Case #100: [R,W,R,R,B,D,B,F]
