Case #1: [E,A]
Case #2: [R,I,R]
Case #3: [F,A,T,D,T]
Case #4: [Z,E,R,A]
Case #5: []
Case #6: [E,X,Q,E,W]
Case #7: [R,D,D,W,A,M,R,F,E]
Case #8: [F,Q,D,D,R,B,R,S,Q]
Case #9: [W,D,W,K,D,R,W,D,R]
Case #10: [A,E,P,R,W,S]
Case #11: [E,M,A,W,W,D,R,W,F]
Case #12: [S,S,W,A,S,S,H,A,S]
Case #13: [R,A,Y,F,R,R,F,Q,E]
Case #14: [D,F,G,A,R,A,D]
Case #15: [A,H,D,F,E,E,R,A,A]
Case #16: []
Case #17: [D,S,M,E,F]
Case #18: [D,V,R,S,W,W,R]
Case #19: [Z,Z,Z,Z,Z]
Case #20: [D,E,R,R,W,E,L,F,E]
Case #21: [D,Q,D]
Case #22: [N,E,A,E,F,A,W,W,E]
Case #23: [S,E,E,E,S,R,I,R,Q]
Case #24: [R,S,D,D,C,R,E,A,R]
Case #25: [Q,S,Q,F,W,E,S,D,H]
Case #26: [D,D,S,F,W,F,E,D,Y]
Case #27: [E,Q,Q,F,Q,B,D]
Case #28: [R,R,R,R,R,H,A,Q,F]
Case #29: [C,E,D,D,W,R,W,R,R]
Case #30: [D,E,R,S,S,S,F,H,E]
Case #31: [R,E,E,M,E,S]
Case #32: [S,Y,R,S,R,E,W,F,Q]
Case #33: [S,A,R,Q,A,A,Q]
Case #34: [A,W,A,R,E,N,E,S,S]
Case #35: [A,A,P,E,E,Q,R,S,S]
Case #36: [E,C,C,S,W]
Case #37: [W,E,W,D,J,S,R,Q,A]
Case #38: [S,D,Q,O,R,O,D,Q]
Case #39: [Q,R,A,R,W,R,R,A,K]
Case #40: [A,D,E,D,D,B,F,D,S]
Case #41: [W,D,F,S,A,D,E,S,V]
Case #42: [D,E,A,F,D,E,A,R,S]
Case #43: [S,E,W,S,F,W]
Case #44: [F,D,E,E,F,E,F,Q,Y]
Case #45: [A,Q,D,E,H,Q,S,E,W]
Case #46: [D,A,Q,E,W,Q,Q,G,W]
Case #47: [Z,A,S]
Case #48: [A,A,A,A,A,A,A,A,A,A]
Case #49: [F,E,W,M,D,W,F,A,D]
Case #50: [A,F,J,J,D,A,R,W]
Case #51: [R,R,X,S,W,A,A,E,A]
Case #52: [A,G,A,A,A,R,D,R,Q]
Case #53: [R,O,Q,A,F,O,D,W]
Case #54: [E,E,L,D,R,W,D,R,E]
Case #55: [A,Q,Y,W]
Case #56: [Q,S,D,B,F,S,R,F,A]
Case #57: [S,Q,F,G,F]
Case #58: [E,W,F,O,S,R,F,Q,R]
Case #59: [R,Z,F,R,Q,D,Q,F,D]
Case #60: [W,R,R]
Case #61: [A,S,W,Q,G,A,Q,F,W]
Case #62: [R,Q,R,F,Q,A]
Case #63: [R,G,E,R,R,S]
Case #64: [F,Q,A,T,E,F,D,W,E]
Case #65: [Q,B,D,E,Q,W,R]
Case #66: [F,W,E,E,F,A,A,A,C]
Case #67: [M,M,F,R,R,D,F,S]
Case #68: [R,E,W,A,R,D,E,D]
Case #69: [F,Q,R,G,W,W,R,A,S]
Case #70: [Q,F,W,A,Q,D,W]
Case #71: [R,S,E,Q]
Case #72: [S,S,A,A,A,O,F,F,E]
Case #73: [F,F,R,J,D,A,D,Q,D]
Case #74: [D,K,D,R,W,R,E,D,Q]
Case #75: [F,R,E,E,R,E,W,A,R,D]
Case #76: [W,M,Q,R,A,S,D,M]
Case #77: [W,Q,A,F,A,Z,R,E,Q]
Case #78: [A,R,E,F,K,D,D,W,W]
Case #79: [A,E,X,R,Q,A,Q,D,D]
Case #80: [E,D,R,D,F,D,T,E,Q]
Case #81: [S,Q,S,W,W,D,R,W,H]
Case #82: [S,D,S,D,F,D,Q,H,W]
Case #83: [W,A,S,S,E,D,C,Q,W]
Case #84: [F]
Case #85: [E,W,D,L,D,Q,A,F,R]
Case #86: [D,S,F,E,Y,D,R,F,F]
Case #87: [R,S,E,E,M,W,D,S,Q]
Case #88: [E,D,F,S,R,H,D,D,F]
Case #89: [R,P,W,R,F,E]
Case #90: [E,A,W,W,W,T,F,S,F]
Case #91: [R,F,S,F,J,D,W,D,A]
Case #92: [Q,W,E,E,P,D,Q,R,F]
Case #93: [R,R,S,W,F,W,B,Q,A]
Case #94: [Q,Q,W,E,R,G,D,F,S]
Case #95: [W,A,Q,W,E,A,W,Q,O]
Case #96: [D,R,P,P,S]
Case #97: [B,S]
Case #98: [D,Q,L,E,S,W]
Case #99: [R,L]
Case #100: [R,Y,F,W,A,W,D,E,D]
