Case #1:
44.721359549995796
25.0
25.0
Case #2:
10.0
9.950371949077189
Case #3:
1.4142135623730951
0.45152363132890855
Case #4:
141.4213562373095
65.93804802309417
45.15236313289086
Case #5:
1.4142135623730951
0.6593804802309418
0.45152363132890855
Case #6:
2.470687025782453
1.4496112087510817
1.6613414492483598
2.184532461513373
1.6387678474397125
4.460941561882454
1.4242689978077239
1.607611768709101
Case #7:
10.951630899607952
32.37684372766476
14.522999548955788
15.262590502165928
12.024457890228536
19.81430629651277
11.454104094167082
19.926569442310203
10.337130430536105
23.676292968128234
Case #8:
45.39506333620483
45.160703294707126
134.17572949442433
44.929935948620134
121.11653128559526
45.04487629010906
128.46347946078893
45.51361765033246
140.72469382849977
123.42372350038973
Case #9:
1.8930811562331396
1.7577589750289917
1.7577589750289917
2.1840948171109664
3.7576588303834986
1.7577589750289917
2.6704518353301605
1.7577589750289917
1.7577589750289917
1.7577589750289917
Case #10:
88307.75
88307.75
88307.75
88307.75
88307.75
88307.75
88307.75
88307.75
Case #11:
100000.0
100000.0
100000.0
100000.0
100000.0
100000.0
100000.0
100000.0
100000.0
Case #12:
44.64689344385379
36.51587547671791
28.294683927446435
29.823527490237772
33.811231943381145
62.98059549447345
51.51023148149575
88.62155372795182
39.9536816769924
31.630389081520274
Case #13:
44.706852486332366
44.82122213283154
136.65136319501136
125.2430402881733
122.81090732370075
140.02597589655016
45.05261960968653
45.169670450904626
130.57489715561798
Case #14:
10.075994300262803
7.939468600364498
16.646654849820678
11.130678529291677
11.340826582790521
17.901343655160755
8.303295338626832
10.344982027034876
12.969849772903054
8.699164434527043
Case #15:
50.493953704833984
75.21816159889644
50.49395642573963
50.493953704833984
50.493953704833984
50.493953704833984
60.933673304089766
50.493953704833984
109.00146931349137
Case #16:
45.60997030467796
62.66651384515981
42.91653711053375
42.69242796331771
57.639283532034064
70.15081836162753
52.37834798222624
42.15905636643437
Case #17:
61.992894569615856
141.280571551372
106.79807525080132
57.056867519484
120.48447583949434
178.70735942456315
60.90330637784325
58.886076895489
Case #18:
35.090935933620074
16.616792589176526
22.215908190074643
28.699986379165296
49.377323916829475
20.345572106030616
18.838624256356375
24.87593623358029
15.764965909971085
22.26101663587188
Case #19:
73.66683232151877
52.57547378540039
52.57547378540039
52.57547378540039
52.92381387886246
81.33591109934203
105.00420772521838
101.07005845947029
71.59906069827606
Case #20:
26.118253707885742
48.072168985698816
26.118253707885742
45.28933955783277
26.118253707885742
52.039650027380404
26.118253707885742
26.118253707885742
26.118253707885742